error: Oct-14-2024 10:05:31: 	Not authorized to access this route
error: Oct-14-2024 10:06:20: 	Unknown column 'staff_id' in 'field list'
error: Oct-14-2024 10:06:22: 	Unknown column 'staff_id' in 'field list'
error: Oct-14-2024 10:06:51: 	Unknown column 'staff_id' in 'field list'
error: Oct-14-2024 10:14:55: 	Unknown column 'staff_id' in 'field list'
error: Oct-14-2024 10:22:28: 	Not authorized to access this route
error: Oct-14-2024 10:24:26: 	Staff member not found
error: Oct-14-2024 10:27:34: 	WHERE parameter "staff_id" has invalid "undefined" value
error: Oct-14-2024 10:32:54: 	Validation error
error: Oct-14-2024 10:33:56: 	Validation error
error: Oct-14-2024 10:34:45: 	Validation error
error: Oct-14-2024 10:34:51: 	Validation error
error: Oct-14-2024 10:35:17: 	Validation error
error: Oct-14-2024 10:35:18: 	Validation error
error: Oct-14-2024 10:35:25: 	Validation error
error: Oct-14-2024 10:38:50: 	Validation error
error: Oct-14-2024 10:39:41: 	Staff member not found
error: Oct-14-2024 10:41:22: 	Validation error
error: Oct-14-2024 10:41:33: 	Validation error
error: Oct-14-2024 10:41:37: 	Validation error
error: Oct-14-2024 10:41:42: 	Validation error
error: Oct-14-2024 10:47:49: 	Validation error
error: Oct-14-2024 10:49:02: 	Validation error
error: Oct-14-2024 10:49:39: 	Validation error
error: Oct-14-2024 10:49:50: 	Validation error
error: Oct-14-2024 10:49:51: 	Validation error
error: Oct-14-2024 10:49:58: 	Validation error
error: Oct-14-2024 10:50:06: 	Validation error
error: Oct-14-2024 10:50:34: 	Validation error
error: Oct-14-2024 10:50:36: 	Validation error
error: Oct-14-2024 10:52:51: 	Validation error
error: Oct-14-2024 10:52:55: 	Validation error
error: Oct-14-2024 10:54:48: 	Validation error
error: Oct-14-2024 10:54:49: 	Validation error
error: Oct-14-2024 10:54:50: 	Validation error
error: Oct-14-2024 11:25:25: 	Validation error
error: Oct-14-2024 11:25:35: 	Validation error
error: Oct-14-2024 11:33:07: 	Validation error
error: Oct-14-2024 11:33:08: 	Validation error
error: Oct-14-2024 11:33:10: 	Validation error
error: Oct-14-2024 11:34:28: 	Validation error
error: Oct-14-2024 11:34:31: 	Validation error
error: Oct-14-2024 11:35:39: 	Validation error
error: Oct-14-2024 11:35:41: 	Validation error
error: Oct-14-2024 11:35:41: 	Validation error
error: Oct-14-2024 11:41:35: 	Not authorized to access this route
error: Oct-14-2024 11:41:50: 	Unknown column 'role' in 'field list'
error: Oct-14-2024 11:53:06: 	Unknown column 'roleId' in 'field list'
error: Oct-14-2024 11:53:46: 	Role is required, "roleId" is not allowed
