info: Oct-21-2024 09:41:15: 	server is running on http:/localhost:3001
info: Oct-21-2024 09:41:15: 	1 Super Admin(s) already exist.
info: Oct-21-2024 09:41:15: 	Super Admin seeded successfully.
info: Oct-21-2024 09:41:15: 	db connected
info: Oct-21-2024 09:43:55: 	server is running on http:/localhost:3001
info: Oct-21-2024 09:43:55: 	1 Super Admin(s) already exist.
info: Oct-21-2024 09:43:55: 	Super Admin seeded successfully.
info: Oct-21-2024 09:43:55: 	db connected
info: Oct-21-2024 09:56:20: 	server is running on http:/localhost:3001
info: Oct-21-2024 09:56:20: 	1 Super Admin(s) already exist.
info: Oct-21-2024 09:56:20: 	Super Admin seeded successfully.
info: Oct-21-2024 09:56:20: 	db connected
info: Oct-21-2024 09:56:46: 	server is running on http:/localhost:3001
info: Oct-21-2024 09:56:46: 	1 Super Admin(s) already exist.
info: Oct-21-2024 09:56:46: 	Super Admin seeded successfully.
info: Oct-21-2024 09:56:46: 	db connected
info: Oct-21-2024 09:56:51: 	server is running on http:/localhost:3001
info: Oct-21-2024 09:56:51: 	1 Super Admin(s) already exist.
info: Oct-21-2024 09:56:51: 	Super Admin seeded successfully.
info: Oct-21-2024 09:56:51: 	db connected
info: Oct-21-2024 09:57:02: 	server is running on http:/localhost:3001
info: Oct-21-2024 09:57:02: 	1 Super Admin(s) already exist.
info: Oct-21-2024 09:57:02: 	Super Admin seeded successfully.
info: Oct-21-2024 09:57:02: 	db connected
info: Oct-21-2024 09:57:16: 	server is running on http:/localhost:3001
info: Oct-21-2024 09:57:16: 	1 Super Admin(s) already exist.
info: Oct-21-2024 09:57:16: 	Super Admin seeded successfully.
info: Oct-21-2024 09:57:16: 	db connected
info: Oct-21-2024 09:57:22: 	server is running on http:/localhost:3001
info: Oct-21-2024 09:57:22: 	1 Super Admin(s) already exist.
info: Oct-21-2024 09:57:22: 	Super Admin seeded successfully.
info: Oct-21-2024 09:57:22: 	db connected
info: Oct-21-2024 10:05:55: 	server is running on http:/localhost:3001
info: Oct-21-2024 10:05:55: 	1 Super Admin(s) already exist.
info: Oct-21-2024 10:05:55: 	Super Admin seeded successfully.
info: Oct-21-2024 10:05:55: 	db connected
info: Oct-21-2024 10:06:55: 	server is running on http:/localhost:3001
info: Oct-21-2024 10:06:55: 	Super Admin seeded successfully.
info: Oct-21-2024 10:06:55: 	db connected
info: Oct-21-2024 13:13:33: 	server is running on http:/localhost:3001
info: Oct-21-2024 13:13:34: 	Super Admin seeded successfully.
info: Oct-21-2024 13:13:34: 	db connected
error: Oct-21-2024 13:13:58: 	Company not found
error: Oct-21-2024 13:13:58: 	Company not found
