info: Oct-24-2024 20:07:18: 	server is running on http:/localhost:3001
error: Oct-24-2024 20:07:19: 	Error seeding super admin: Validation error
info: Oct-24-2024 20:07:19: 	Super Admin seeded successfully.
info: Oct-24-2024 20:07:19: 	db connected
info: Oct-24-2024 20:08:02: 	server is running on http:/localhost:3001
error: Oct-24-2024 20:08:02: 	Error seeding super admin: Validation error
info: Oct-24-2024 20:08:02: 	Super Admin seeded successfully.
info: Oct-24-2024 20:08:02: 	db connected
info: Oct-24-2024 20:08:12: 	server is running on http:/localhost:3001
error: Oct-24-2024 20:08:12: 	Error seeding super admin: Validation error
info: Oct-24-2024 20:08:12: 	Super Admin seeded successfully.
info: Oct-24-2024 20:08:12: 	db connected
info: Oct-24-2024 20:08:32: 	server is running on http:/localhost:3001
error: Oct-24-2024 20:08:32: 	Error seeding super admin: Validation error
info: Oct-24-2024 20:08:32: 	Super Admin seeded successfully.
info: Oct-24-2024 20:08:32: 	db connected
info: Oct-24-2024 20:08:38: 	server is running on http:/localhost:3001
error: Oct-24-2024 20:08:38: 	Error seeding super admin: Validation error
info: Oct-24-2024 20:08:38: 	Super Admin seeded successfully.
info: Oct-24-2024 20:08:38: 	db connected
info: Oct-24-2024 20:08:53: 	server is running on http:/localhost:3001
error: Oct-24-2024 20:08:53: 	Error seeding super admin: Validation error
info: Oct-24-2024 20:08:53: 	Super Admin seeded successfully.
info: Oct-24-2024 20:08:53: 	db connected
info: Oct-24-2024 20:09:00: 	server is running on http:/localhost:3001
error: Oct-24-2024 20:09:00: 	Error seeding super admin: Validation error
info: Oct-24-2024 20:09:00: 	Super Admin seeded successfully.
info: Oct-24-2024 20:09:00: 	db connected
info: Oct-24-2024 20:09:12: 	server is running on http:/localhost:3001
error: Oct-24-2024 20:09:12: 	Error seeding super admin: Validation error
info: Oct-24-2024 20:09:12: 	Super Admin seeded successfully.
info: Oct-24-2024 20:09:12: 	db connected
info: Oct-24-2024 20:09:19: 	server is running on http:/localhost:3001
error: Oct-24-2024 20:09:19: 	Error seeding super admin: Validation error
info: Oct-24-2024 20:09:19: 	Super Admin seeded successfully.
info: Oct-24-2024 20:09:19: 	db connected
info: Oct-24-2024 20:09:31: 	server is running on http:/localhost:3001
error: Oct-24-2024 20:09:31: 	Error seeding super admin: Validation error
info: Oct-24-2024 20:09:31: 	Super Admin seeded successfully.
info: Oct-24-2024 20:09:31: 	db connected
info: Oct-24-2024 20:09:38: 	server is running on http:/localhost:3001
error: Oct-24-2024 20:09:38: 	Error seeding super admin: Validation error
info: Oct-24-2024 20:09:38: 	Super Admin seeded successfully.
info: Oct-24-2024 20:09:38: 	db connected
info: Oct-24-2024 20:10:02: 	server is running on http:/localhost:3001
error: Oct-24-2024 20:10:02: 	Error seeding super admin: Validation error
info: Oct-24-2024 20:10:02: 	Super Admin seeded successfully.
info: Oct-24-2024 20:10:02: 	db connected
info: Oct-24-2024 20:10:08: 	server is running on http:/localhost:3001
error: Oct-24-2024 20:10:08: 	Error seeding super admin: Validation error
info: Oct-24-2024 20:10:08: 	Super Admin seeded successfully.
info: Oct-24-2024 20:10:08: 	db connected
info: Oct-24-2024 20:10:25: 	server is running on http:/localhost:3001
error: Oct-24-2024 20:10:26: 	Error seeding super admin: Validation error
info: Oct-24-2024 20:10:26: 	Super Admin seeded successfully.
info: Oct-24-2024 20:10:26: 	db connected
info: Oct-24-2024 20:10:33: 	server is running on http:/localhost:3001
error: Oct-24-2024 20:10:33: 	Error seeding super admin: Validation error
info: Oct-24-2024 20:10:33: 	Super Admin seeded successfully.
info: Oct-24-2024 20:10:33: 	db connected
info: Oct-24-2024 20:10:43: 	server is running on http:/localhost:3001
error: Oct-24-2024 20:10:43: 	Error seeding super admin: Validation error
info: Oct-24-2024 20:10:43: 	Super Admin seeded successfully.
info: Oct-24-2024 20:10:43: 	db connected
info: Oct-24-2024 20:10:49: 	server is running on http:/localhost:3001
error: Oct-24-2024 20:10:50: 	Error seeding super admin: Validation error
info: Oct-24-2024 20:10:50: 	Super Admin seeded successfully.
info: Oct-24-2024 20:10:50: 	db connected
info: Oct-24-2024 20:11:02: 	server is running on http:/localhost:3001
error: Oct-24-2024 20:11:02: 	Error seeding super admin: Validation error
info: Oct-24-2024 20:11:02: 	Super Admin seeded successfully.
info: Oct-24-2024 20:11:02: 	db connected
info: Oct-24-2024 20:11:08: 	server is running on http:/localhost:3001
error: Oct-24-2024 20:11:08: 	Error seeding super admin: Validation error
info: Oct-24-2024 20:11:08: 	Super Admin seeded successfully.
info: Oct-24-2024 20:11:08: 	db connected
info: Oct-24-2024 20:11:17: 	server is running on http:/localhost:3001
error: Oct-24-2024 20:11:17: 	Error seeding super admin: Validation error
info: Oct-24-2024 20:11:17: 	Super Admin seeded successfully.
info: Oct-24-2024 20:11:17: 	db connected
info: Oct-24-2024 20:11:23: 	server is running on http:/localhost:3001
error: Oct-24-2024 20:11:23: 	Error seeding super admin: Validation error
info: Oct-24-2024 20:11:23: 	Super Admin seeded successfully.
info: Oct-24-2024 20:11:23: 	db connected
info: Oct-24-2024 20:11:34: 	server is running on http:/localhost:3001
error: Oct-24-2024 20:11:34: 	Error seeding super admin: Validation error
info: Oct-24-2024 20:11:34: 	Super Admin seeded successfully.
info: Oct-24-2024 20:11:34: 	db connected
info: Oct-24-2024 20:11:41: 	server is running on http:/localhost:3001
error: Oct-24-2024 20:11:41: 	Error seeding super admin: Validation error
info: Oct-24-2024 20:11:41: 	Super Admin seeded successfully.
info: Oct-24-2024 20:11:41: 	db connected
info: Oct-24-2024 20:11:58: 	server is running on http:/localhost:3001
error: Oct-24-2024 20:11:58: 	Error seeding super admin: Validation error
info: Oct-24-2024 20:11:58: 	Super Admin seeded successfully.
info: Oct-24-2024 20:11:58: 	db connected
info: Oct-24-2024 20:12:05: 	server is running on http:/localhost:3001
error: Oct-24-2024 20:12:05: 	Error seeding super admin: Validation error
info: Oct-24-2024 20:12:05: 	Super Admin seeded successfully.
info: Oct-24-2024 20:12:05: 	db connected
info: Oct-24-2024 20:12:21: 	server is running on http:/localhost:3001
error: Oct-24-2024 20:12:21: 	Error seeding super admin: Validation error
info: Oct-24-2024 20:12:21: 	Super Admin seeded successfully.
info: Oct-24-2024 20:12:21: 	db connected
info: Oct-24-2024 20:12:27: 	server is running on http:/localhost:3001
error: Oct-24-2024 20:12:27: 	Error seeding super admin: Validation error
info: Oct-24-2024 20:12:27: 	Super Admin seeded successfully.
info: Oct-24-2024 20:12:27: 	db connected
info: Oct-24-2024 20:12:42: 	server is running on http:/localhost:3001
error: Oct-24-2024 20:12:42: 	Error seeding super admin: Validation error
info: Oct-24-2024 20:12:42: 	Super Admin seeded successfully.
info: Oct-24-2024 20:12:42: 	db connected
info: Oct-24-2024 20:12:48: 	server is running on http:/localhost:3001
error: Oct-24-2024 20:12:48: 	Error seeding super admin: Validation error
info: Oct-24-2024 20:12:48: 	Super Admin seeded successfully.
info: Oct-24-2024 20:12:48: 	db connected
info: Oct-24-2024 20:13:18: 	server is running on http:/localhost:3001
error: Oct-24-2024 20:13:19: 	Error seeding super admin: Validation error
info: Oct-24-2024 20:13:19: 	Super Admin seeded successfully.
info: Oct-24-2024 20:13:19: 	db connected
info: Oct-24-2024 20:13:59: 	server is running on http:/localhost:3001
error: Oct-24-2024 20:13:59: 	Error seeding super admin: Validation error
info: Oct-24-2024 20:13:59: 	Super Admin seeded successfully.
info: Oct-24-2024 20:13:59: 	db connected
info: Oct-24-2024 20:14:06: 	server is running on http:/localhost:3001
error: Oct-24-2024 20:14:06: 	Error seeding super admin: Validation error
info: Oct-24-2024 20:14:06: 	Super Admin seeded successfully.
info: Oct-24-2024 20:14:06: 	db connected
info: Oct-24-2024 20:14:53: 	server is running on http:/localhost:3001
error: Oct-24-2024 20:14:53: 	Error seeding super admin: Validation error
info: Oct-24-2024 20:14:53: 	Super Admin seeded successfully.
info: Oct-24-2024 20:14:53: 	db connected
info: Oct-24-2024 20:15:01: 	server is running on http:/localhost:3001
error: Oct-24-2024 20:15:01: 	Error seeding super admin: Validation error
info: Oct-24-2024 20:15:01: 	Super Admin seeded successfully.
info: Oct-24-2024 20:15:01: 	db connected
info: Oct-24-2024 20:15:10: 	server is running on http:/localhost:3001
error: Oct-24-2024 20:15:10: 	Error seeding super admin: Validation error
info: Oct-24-2024 20:15:10: 	Super Admin seeded successfully.
info: Oct-24-2024 20:15:10: 	db connected
info: Oct-24-2024 20:15:22: 	server is running on http:/localhost:3001
error: Oct-24-2024 20:15:22: 	Error seeding super admin: Validation error
info: Oct-24-2024 20:15:22: 	Super Admin seeded successfully.
info: Oct-24-2024 20:15:22: 	db connected
info: Oct-24-2024 20:15:29: 	server is running on http:/localhost:3001
error: Oct-24-2024 20:15:29: 	Error seeding super admin: Validation error
info: Oct-24-2024 20:15:29: 	Super Admin seeded successfully.
info: Oct-24-2024 20:15:29: 	db connected
info: Oct-24-2024 20:15:35: 	server is running on http:/localhost:3001
error: Oct-24-2024 20:15:35: 	Error seeding super admin: Validation error
info: Oct-24-2024 20:15:35: 	Super Admin seeded successfully.
info: Oct-24-2024 20:15:35: 	db connected
info: Oct-24-2024 20:15:38: 	server is running on http:/localhost:3001
error: Oct-24-2024 20:15:38: 	Error seeding super admin: Validation error
info: Oct-24-2024 20:15:38: 	Super Admin seeded successfully.
info: Oct-24-2024 20:15:38: 	db connected
info: Oct-24-2024 20:15:45: 	server is running on http:/localhost:3001
error: Oct-24-2024 20:15:45: 	Error seeding super admin: Validation error
info: Oct-24-2024 20:15:45: 	Super Admin seeded successfully.
info: Oct-24-2024 20:15:45: 	db connected
info: Oct-24-2024 20:15:51: 	server is running on http:/localhost:3001
error: Oct-24-2024 20:15:51: 	Error seeding super admin: Validation error
info: Oct-24-2024 20:15:51: 	Super Admin seeded successfully.
info: Oct-24-2024 20:15:51: 	db connected
info: Oct-24-2024 20:16:02: 	server is running on http:/localhost:3001
error: Oct-24-2024 20:16:03: 	Error seeding super admin: Validation error
info: Oct-24-2024 20:16:03: 	Super Admin seeded successfully.
info: Oct-24-2024 20:16:03: 	db connected
info: Oct-24-2024 20:16:09: 	server is running on http:/localhost:3001
error: Oct-24-2024 20:16:09: 	Error seeding super admin: Validation error
info: Oct-24-2024 20:16:09: 	Super Admin seeded successfully.
info: Oct-24-2024 20:16:09: 	db connected
info: Oct-24-2024 20:16:16: 	server is running on http:/localhost:3001
error: Oct-24-2024 20:16:16: 	Error seeding super admin: Validation error
info: Oct-24-2024 20:16:16: 	Super Admin seeded successfully.
info: Oct-24-2024 20:16:16: 	db connected
info: Oct-24-2024 20:16:21: 	server is running on http:/localhost:3001
error: Oct-24-2024 20:16:21: 	Error seeding super admin: Validation error
info: Oct-24-2024 20:16:21: 	Super Admin seeded successfully.
info: Oct-24-2024 20:16:21: 	db connected
info: Oct-24-2024 20:16:28: 	server is running on http:/localhost:3001
error: Oct-24-2024 20:16:28: 	Error seeding super admin: Validation error
info: Oct-24-2024 20:16:28: 	Super Admin seeded successfully.
info: Oct-24-2024 20:16:28: 	db connected
info: Oct-24-2024 20:16:33: 	server is running on http:/localhost:3001
error: Oct-24-2024 20:16:33: 	Error seeding super admin: Validation error
info: Oct-24-2024 20:16:33: 	Super Admin seeded successfully.
info: Oct-24-2024 20:16:33: 	db connected
info: Oct-24-2024 20:17:24: 	server is running on http:/localhost:3001
error: Oct-24-2024 20:17:24: 	Error seeding super admin: Validation error
info: Oct-24-2024 20:17:24: 	Super Admin seeded successfully.
info: Oct-24-2024 20:17:24: 	db connected
info: Oct-24-2024 20:17:32: 	server is running on http:/localhost:3001
error: Oct-24-2024 20:17:32: 	Error seeding super admin: Validation error
info: Oct-24-2024 20:17:32: 	Super Admin seeded successfully.
info: Oct-24-2024 20:17:32: 	db connected
info: Oct-24-2024 20:17:51: 	server is running on http:/localhost:3001
error: Oct-24-2024 20:17:51: 	Error seeding super admin: Validation error
info: Oct-24-2024 20:17:51: 	Super Admin seeded successfully.
info: Oct-24-2024 20:17:51: 	db connected
info: Oct-24-2024 23:26:07: 	server is running on http:/localhost:3001
error: Oct-24-2024 23:26:07: 	Error seeding super admin: Validation error
info: Oct-24-2024 23:26:07: 	Super Admin seeded successfully.
info: Oct-24-2024 23:26:07: 	db connected
info: Oct-24-2024 23:35:40: 	server is running on http:/localhost:3001
error: Oct-24-2024 23:35:40: 	Error seeding super admin: Validation error
info: Oct-24-2024 23:35:40: 	Super Admin seeded successfully.
info: Oct-24-2024 23:35:40: 	db connected
info: Oct-24-2024 23:35:48: 	server is running on http:/localhost:3001
error: Oct-24-2024 23:35:49: 	Error seeding super admin: Validation error
info: Oct-24-2024 23:35:49: 	Super Admin seeded successfully.
info: Oct-24-2024 23:35:49: 	db connected
info: Oct-24-2024 23:35:56: 	server is running on http:/localhost:3001
error: Oct-24-2024 23:35:56: 	Error seeding super admin: Validation error
info: Oct-24-2024 23:35:56: 	Super Admin seeded successfully.
info: Oct-24-2024 23:35:56: 	db connected
info: Oct-24-2024 23:36:42: 	server is running on http:/localhost:3001
error: Oct-24-2024 23:36:42: 	Error seeding super admin: Validation error
info: Oct-24-2024 23:36:42: 	Super Admin seeded successfully.
info: Oct-24-2024 23:36:42: 	db connected
info: Oct-24-2024 23:37:01: 	server is running on http:/localhost:3001
error: Oct-24-2024 23:37:01: 	Error seeding super admin: Validation error
info: Oct-24-2024 23:37:01: 	Super Admin seeded successfully.
info: Oct-24-2024 23:37:01: 	db connected
info: Oct-24-2024 23:37:14: 	server is running on http:/localhost:3001
error: Oct-24-2024 23:37:14: 	Error seeding super admin: Validation error
info: Oct-24-2024 23:37:14: 	Super Admin seeded successfully.
info: Oct-24-2024 23:37:14: 	db connected
info: Oct-24-2024 23:37:49: 	server is running on http:/localhost:3001
error: Oct-24-2024 23:37:50: 	Error seeding super admin: Validation error
info: Oct-24-2024 23:37:50: 	Super Admin seeded successfully.
info: Oct-24-2024 23:37:50: 	db connected
info: Oct-24-2024 23:38:11: 	server is running on http:/localhost:3001
error: Oct-24-2024 23:38:11: 	Error seeding super admin: Validation error
info: Oct-24-2024 23:38:11: 	Super Admin seeded successfully.
info: Oct-24-2024 23:38:11: 	db connected
info: Oct-24-2024 23:38:24: 	server is running on http:/localhost:3001
error: Oct-24-2024 23:38:25: 	Error seeding super admin: Validation error
info: Oct-24-2024 23:38:25: 	Super Admin seeded successfully.
info: Oct-24-2024 23:38:25: 	db connected
info: Oct-24-2024 23:38:34: 	server is running on http:/localhost:3001
error: Oct-24-2024 23:38:34: 	Error seeding super admin: Validation error
info: Oct-24-2024 23:38:34: 	Super Admin seeded successfully.
info: Oct-24-2024 23:38:34: 	db connected
info: Oct-24-2024 23:39:02: 	server is running on http:/localhost:3001
error: Oct-24-2024 23:39:02: 	Error seeding super admin: Validation error
info: Oct-24-2024 23:39:02: 	Super Admin seeded successfully.
info: Oct-24-2024 23:39:02: 	db connected
info: Oct-24-2024 23:39:14: 	server is running on http:/localhost:3001
error: Oct-24-2024 23:39:14: 	Error seeding super admin: Validation error
info: Oct-24-2024 23:39:14: 	Super Admin seeded successfully.
info: Oct-24-2024 23:39:14: 	db connected
info: Oct-24-2024 23:39:20: 	server is running on http:/localhost:3001
error: Oct-24-2024 23:39:20: 	Error seeding super admin: Validation error
info: Oct-24-2024 23:39:20: 	Super Admin seeded successfully.
info: Oct-24-2024 23:39:20: 	db connected
info: Oct-24-2024 23:39:29: 	server is running on http:/localhost:3001
error: Oct-24-2024 23:39:29: 	Error seeding super admin: Validation error
info: Oct-24-2024 23:39:29: 	Super Admin seeded successfully.
info: Oct-24-2024 23:39:29: 	db connected
info: Oct-24-2024 23:39:35: 	server is running on http:/localhost:3001
error: Oct-24-2024 23:39:35: 	Error seeding super admin: Validation error
info: Oct-24-2024 23:39:35: 	Super Admin seeded successfully.
info: Oct-24-2024 23:39:35: 	db connected
info: Oct-24-2024 23:40:10: 	server is running on http:/localhost:3001
info: Oct-24-2024 23:40:10: 	Super Admin seeded successfully.
info: Oct-24-2024 23:40:10: 	db connected
info: Oct-24-2024 23:43:10: 	server is running on http:/localhost:3001
info: Oct-24-2024 23:43:10: 	1 Super Admin(s) already exist.
info: Oct-24-2024 23:43:10: 	Super Admin seeded successfully.
info: Oct-24-2024 23:43:10: 	db connected
info: Oct-24-2024 23:43:18: 	server is running on http:/localhost:3001
info: Oct-24-2024 23:43:18: 	1 Super Admin(s) already exist.
info: Oct-24-2024 23:43:18: 	Super Admin seeded successfully.
info: Oct-24-2024 23:43:18: 	db connected
info: Oct-24-2024 23:43:59: 	server is running on http:/localhost:3001
info: Oct-24-2024 23:43:59: 	Super Admin seeded successfully.
info: Oct-24-2024 23:43:59: 	db connected
