info: Oct-14-2024 10:05:24: 	server is running on http:/localhost:3001
info: Oct-14-2024 10:05:24: 	Roles and Super Admin seeded.
info: Oct-14-2024 10:05:24: 	db connected
error: Oct-14-2024 10:05:31: 	Not authorized to access this route
info: Oct-14-2024 10:05:56: 	server is running on http:/localhost:3001
info: Oct-14-2024 10:05:56: 	Roles and Super Admin seeded.
info: Oct-14-2024 10:05:56: 	db connected
info: Oct-14-2024 10:06:12: 	server is running on http:/localhost:3001
info: Oct-14-2024 10:06:12: 	Roles and Super Admin seeded.
info: Oct-14-2024 10:06:12: 	db connected
error: Oct-14-2024 10:06:20: 	Unknown column 'staff_id' in 'field list'
error: Oct-14-2024 10:06:22: 	Unknown column 'staff_id' in 'field list'
error: Oct-14-2024 10:06:51: 	Unknown column 'staff_id' in 'field list'
info: Oct-14-2024 10:10:22: 	server is running on http:/localhost:3001
info: Oct-14-2024 10:10:22: 	Roles and Super Admin seeded.
info: Oct-14-2024 10:10:22: 	db connected
info: Oct-14-2024 10:11:05: 	server is running on http:/localhost:3001
info: Oct-14-2024 10:11:05: 	Roles and Super Admin seeded.
info: Oct-14-2024 10:11:05: 	db connected
error: Oct-14-2024 10:14:55: 	Unknown column 'staff_id' in 'field list'
info: Oct-14-2024 10:17:16: 	server is running on http:/localhost:3001
info: Oct-14-2024 10:17:16: 	Roles and Super Admin seeded.
info: Oct-14-2024 10:17:16: 	db connected
error: Oct-14-2024 10:22:28: 	Not authorized to access this route
info: Oct-14-2024 10:22:53: 	server is running on http:/localhost:3001
info: Oct-14-2024 10:22:53: 	Roles and Super Admin seeded.
info: Oct-14-2024 10:22:53: 	db connected
info: Oct-14-2024 10:23:01: 	server is running on http:/localhost:3001
info: Oct-14-2024 10:23:01: 	Roles and Super Admin seeded.
info: Oct-14-2024 10:23:01: 	db connected
info: Oct-14-2024 10:23:07: 	server is running on http:/localhost:3001
info: Oct-14-2024 10:23:07: 	Roles and Super Admin seeded.
info: Oct-14-2024 10:23:07: 	db connected
info: Oct-14-2024 10:23:18: 	server is running on http:/localhost:3001
info: Oct-14-2024 10:23:18: 	Roles and Super Admin seeded.
info: Oct-14-2024 10:23:18: 	db connected
info: Oct-14-2024 10:23:24: 	server is running on http:/localhost:3001
info: Oct-14-2024 10:23:24: 	Roles and Super Admin seeded.
info: Oct-14-2024 10:23:24: 	db connected
error: Oct-14-2024 10:24:26: 	Staff member not found
info: Oct-14-2024 10:27:25: 	server is running on http:/localhost:3001
info: Oct-14-2024 10:27:25: 	Roles and Super Admin seeded.
info: Oct-14-2024 10:27:25: 	db connected
error: Oct-14-2024 10:27:34: 	WHERE parameter "staff_id" has invalid "undefined" value
info: Oct-14-2024 10:28:53: 	server is running on http:/localhost:3001
info: Oct-14-2024 10:28:53: 	Roles and Super Admin seeded.
info: Oct-14-2024 10:28:53: 	db connected
info: Oct-14-2024 10:29:00: 	server is running on http:/localhost:3001
info: Oct-14-2024 10:29:00: 	Roles and Super Admin seeded.
info: Oct-14-2024 10:29:00: 	db connected
info: Oct-14-2024 10:30:03: 	server is running on http:/localhost:3001
info: Oct-14-2024 10:30:03: 	Roles and Super Admin seeded.
info: Oct-14-2024 10:30:03: 	db connected
info: Oct-14-2024 10:30:37: 	server is running on http:/localhost:3001
info: Oct-14-2024 10:30:37: 	Roles and Super Admin seeded.
info: Oct-14-2024 10:30:37: 	db connected
error: Oct-14-2024 10:32:54: 	Validation error
info: Oct-14-2024 10:33:52: 	server is running on http:/localhost:3001
info: Oct-14-2024 10:33:52: 	Roles and Super Admin seeded.
info: Oct-14-2024 10:33:52: 	db connected
error: Oct-14-2024 10:33:56: 	Validation error
error: Oct-14-2024 10:34:45: 	Validation error
error: Oct-14-2024 10:34:51: 	Validation error
info: Oct-14-2024 10:35:14: 	server is running on http:/localhost:3001
info: Oct-14-2024 10:35:14: 	Roles and Super Admin seeded.
info: Oct-14-2024 10:35:14: 	db connected
error: Oct-14-2024 10:35:17: 	Validation error
error: Oct-14-2024 10:35:18: 	Validation error
error: Oct-14-2024 10:35:25: 	Validation error
info: Oct-14-2024 10:36:03: 	server is running on http:/localhost:3001
info: Oct-14-2024 10:36:03: 	Roles and Super Admin seeded.
info: Oct-14-2024 10:36:03: 	db connected
info: Oct-14-2024 10:37:32: 	server is running on http:/localhost:3001
info: Oct-14-2024 10:37:32: 	Roles and Super Admin seeded.
info: Oct-14-2024 10:37:32: 	db connected
info: Oct-14-2024 10:37:50: 	server is running on http:/localhost:3001
info: Oct-14-2024 10:37:50: 	Roles and Super Admin seeded.
info: Oct-14-2024 10:37:50: 	db connected
info: Oct-14-2024 10:38:07: 	server is running on http:/localhost:3001
info: Oct-14-2024 10:38:07: 	Roles and Super Admin seeded.
info: Oct-14-2024 10:38:07: 	db connected
info: Oct-14-2024 10:38:32: 	server is running on http:/localhost:3001
info: Oct-14-2024 10:38:33: 	Roles and Super Admin seeded.
info: Oct-14-2024 10:38:33: 	db connected
info: Oct-14-2024 10:38:40: 	server is running on http:/localhost:3001
info: Oct-14-2024 10:38:40: 	Roles and Super Admin seeded.
info: Oct-14-2024 10:38:40: 	db connected
info: Oct-14-2024 10:38:42: 	server is running on http:/localhost:3001
info: Oct-14-2024 10:38:42: 	Roles and Super Admin seeded.
info: Oct-14-2024 10:38:42: 	db connected
info: Oct-14-2024 10:38:46: 	server is running on http:/localhost:3001
info: Oct-14-2024 10:38:47: 	Roles and Super Admin seeded.
info: Oct-14-2024 10:38:47: 	db connected
error: Oct-14-2024 10:38:50: 	Validation error
error: Oct-14-2024 10:39:41: 	Staff member not found
error: Oct-14-2024 10:41:22: 	Validation error
error: Oct-14-2024 10:41:33: 	Validation error
error: Oct-14-2024 10:41:37: 	Validation error
error: Oct-14-2024 10:41:42: 	Validation error
info: Oct-14-2024 10:47:07: 	server is running on http:/localhost:3001
info: Oct-14-2024 10:47:07: 	Roles and Super Admin seeded.
info: Oct-14-2024 10:47:07: 	db connected
info: Oct-14-2024 10:47:42: 	server is running on http:/localhost:3001
info: Oct-14-2024 10:47:42: 	Roles and Super Admin seeded.
info: Oct-14-2024 10:47:42: 	db connected
error: Oct-14-2024 10:47:49: 	Validation error
info: Oct-14-2024 10:48:38: 	server is running on http:/localhost:3001
info: Oct-14-2024 10:48:38: 	Roles and Super Admin seeded.
info: Oct-14-2024 10:48:38: 	db connected
info: Oct-14-2024 10:48:50: 	server is running on http:/localhost:3001
info: Oct-14-2024 10:48:50: 	Roles and Super Admin seeded.
info: Oct-14-2024 10:48:50: 	db connected
info: Oct-14-2024 10:48:53: 	server is running on http:/localhost:3001
info: Oct-14-2024 10:48:53: 	Roles and Super Admin seeded.
info: Oct-14-2024 10:48:53: 	db connected
info: Oct-14-2024 10:48:57: 	server is running on http:/localhost:3001
info: Oct-14-2024 10:48:57: 	Roles and Super Admin seeded.
info: Oct-14-2024 10:48:57: 	db connected
error: Oct-14-2024 10:49:02: 	Validation error
error: Oct-14-2024 10:49:39: 	Validation error
error: Oct-14-2024 10:49:50: 	Validation error
error: Oct-14-2024 10:49:51: 	Validation error
error: Oct-14-2024 10:49:58: 	Validation error
error: Oct-14-2024 10:50:06: 	Validation error
info: Oct-14-2024 10:50:32: 	server is running on http:/localhost:3001
info: Oct-14-2024 10:50:32: 	Roles and Super Admin seeded.
info: Oct-14-2024 10:50:32: 	db connected
error: Oct-14-2024 10:50:34: 	Validation error
error: Oct-14-2024 10:50:36: 	Validation error
info: Oct-14-2024 10:50:44: 	server is running on http:/localhost:3001
info: Oct-14-2024 10:50:44: 	Roles and Super Admin seeded.
info: Oct-14-2024 10:50:44: 	db connected
info: Oct-14-2024 10:52:40: 	server is running on http:/localhost:3001
info: Oct-14-2024 10:52:40: 	Roles and Super Admin seeded.
info: Oct-14-2024 10:52:40: 	db connected
error: Oct-14-2024 10:52:51: 	Validation error
error: Oct-14-2024 10:52:55: 	Validation error
info: Oct-14-2024 10:53:37: 	server is running on http:/localhost:3001
info: Oct-14-2024 10:53:37: 	Roles and Super Admin seeded.
info: Oct-14-2024 10:53:37: 	db connected
info: Oct-14-2024 10:54:42: 	server is running on http:/localhost:3001
info: Oct-14-2024 10:54:42: 	Roles and Super Admin seeded.
info: Oct-14-2024 10:54:42: 	db connected
error: Oct-14-2024 10:54:48: 	Validation error
error: Oct-14-2024 10:54:49: 	Validation error
error: Oct-14-2024 10:54:50: 	Validation error
info: Oct-14-2024 11:23:21: 	server is running on http:/localhost:3001
info: Oct-14-2024 11:23:21: 	Roles and Super Admin seeded.
info: Oct-14-2024 11:23:21: 	db connected
info: Oct-14-2024 11:25:19: 	server is running on http:/localhost:3001
info: Oct-14-2024 11:25:19: 	Roles and Super Admin seeded.
info: Oct-14-2024 11:25:19: 	db connected
error: Oct-14-2024 11:25:25: 	Validation error
error: Oct-14-2024 11:25:35: 	Validation error
info: Oct-14-2024 11:26:34: 	server is running on http:/localhost:3001
info: Oct-14-2024 11:26:34: 	Roles and Super Admin seeded.
info: Oct-14-2024 11:26:34: 	db connected
info: Oct-14-2024 11:32:35: 	server is running on http:/localhost:3001
info: Oct-14-2024 11:32:35: 	Roles and Super Admin seeded.
info: Oct-14-2024 11:32:35: 	db connected
error: Oct-14-2024 11:33:07: 	Validation error
error: Oct-14-2024 11:33:08: 	Validation error
error: Oct-14-2024 11:33:10: 	Validation error
info: Oct-14-2024 11:34:27: 	server is running on http:/localhost:3001
info: Oct-14-2024 11:34:27: 	Roles and Super Admin seeded.
info: Oct-14-2024 11:34:27: 	db connected
error: Oct-14-2024 11:34:28: 	Validation error
error: Oct-14-2024 11:34:31: 	Validation error
info: Oct-14-2024 11:35:33: 	server is running on http:/localhost:3001
info: Oct-14-2024 11:35:33: 	Roles and Super Admin seeded.
info: Oct-14-2024 11:35:33: 	db connected
error: Oct-14-2024 11:35:39: 	Validation error
error: Oct-14-2024 11:35:41: 	Validation error
error: Oct-14-2024 11:35:41: 	Validation error
info: Oct-14-2024 11:40:08: 	server is running on http:/localhost:3001
info: Oct-14-2024 11:40:09: 	Roles and Super Admin seeded.
info: Oct-14-2024 11:40:09: 	db connected
info: Oct-14-2024 11:40:14: 	server is running on http:/localhost:3001
info: Oct-14-2024 11:40:14: 	Roles and Super Admin seeded.
info: Oct-14-2024 11:40:14: 	db connected
info: Oct-14-2024 11:41:03: 	server is running on http:/localhost:3001
info: Oct-14-2024 11:41:03: 	Roles and Super Admin seeded.
info: Oct-14-2024 11:41:03: 	db connected
info: Oct-14-2024 11:41:09: 	server is running on http:/localhost:3001
info: Oct-14-2024 11:41:09: 	Roles and Super Admin seeded.
info: Oct-14-2024 11:41:09: 	db connected
info: Oct-14-2024 11:41:27: 	server is running on http:/localhost:3001
info: Oct-14-2024 11:41:27: 	Roles and Super Admin seeded.
info: Oct-14-2024 11:41:27: 	db connected
error: Oct-14-2024 11:41:35: 	Not authorized to access this route
error: Oct-14-2024 11:41:50: 	Unknown column 'role' in 'field list'
info: Oct-14-2024 11:42:49: 	server is running on http:/localhost:3001
info: Oct-14-2024 11:42:50: 	Roles and Super Admin seeded.
info: Oct-14-2024 11:42:50: 	db connected
info: Oct-14-2024 11:52:18: 	server is running on http:/localhost:3001
info: Oct-14-2024 11:52:18: 	Roles and Super Admin seeded.
info: Oct-14-2024 11:52:18: 	db connected
error: Oct-14-2024 11:53:06: 	Unknown column 'roleId' in 'field list'
info: Oct-14-2024 11:53:32: 	server is running on http:/localhost:3001
info: Oct-14-2024 11:53:33: 	Roles and Super Admin seeded.
info: Oct-14-2024 11:53:33: 	db connected
error: Oct-14-2024 11:53:46: 	Role is required, "roleId" is not allowed
info: Oct-14-2024 11:54:51: 	server is running on http:/localhost:3001
info: Oct-14-2024 11:54:51: 	Roles and Super Admin seeded.
info: Oct-14-2024 11:54:51: 	db connected
info: Oct-14-2024 12:12:17: 	server is running on http:/localhost:3001
info: Oct-14-2024 12:12:17: 	Roles and Super Admin seeded.
info: Oct-14-2024 12:12:17: 	db connected
info: Oct-14-2024 12:12:22: 	server is running on http:/localhost:3001
info: Oct-14-2024 12:12:23: 	Roles and Super Admin seeded.
info: Oct-14-2024 12:12:23: 	db connected
info: Oct-14-2024 12:12:27: 	server is running on http:/localhost:3001
info: Oct-14-2024 12:12:27: 	Roles and Super Admin seeded.
info: Oct-14-2024 12:12:27: 	db connected
info: Oct-14-2024 12:12:33: 	server is running on http:/localhost:3001
info: Oct-14-2024 12:12:33: 	Roles and Super Admin seeded.
info: Oct-14-2024 12:12:33: 	db connected
info: Oct-14-2024 12:12:48: 	server is running on http:/localhost:3001
info: Oct-14-2024 12:12:48: 	Roles and Super Admin seeded.
info: Oct-14-2024 12:12:48: 	db connected
info: Oct-14-2024 12:12:54: 	server is running on http:/localhost:3001
info: Oct-14-2024 12:12:54: 	Roles and Super Admin seeded.
info: Oct-14-2024 12:12:54: 	db connected
info: Oct-14-2024 12:13:04: 	server is running on http:/localhost:3001
info: Oct-14-2024 12:13:04: 	Roles and Super Admin seeded.
info: Oct-14-2024 12:13:04: 	db connected
info: Oct-14-2024 12:13:09: 	server is running on http:/localhost:3001
info: Oct-14-2024 12:13:09: 	Roles and Super Admin seeded.
info: Oct-14-2024 12:13:09: 	db connected
info: Oct-14-2024 12:13:36: 	server is running on http:/localhost:3001
info: Oct-14-2024 12:13:36: 	Roles and Super Admin seeded.
info: Oct-14-2024 12:13:36: 	db connected
info: Oct-14-2024 12:15:09: 	server is running on http:/localhost:3001
info: Oct-14-2024 12:15:10: 	Roles and Super Admin seeded.
info: Oct-14-2024 12:15:10: 	db connected
info: Oct-14-2024 12:18:34: 	server is running on http:/localhost:3001
info: Oct-14-2024 12:18:34: 	Roles and Super Admin seeded.
info: Oct-14-2024 12:18:34: 	db connected
info: Oct-14-2024 12:18:40: 	server is running on http:/localhost:3001
info: Oct-14-2024 12:18:40: 	Roles and Super Admin seeded.
info: Oct-14-2024 12:18:40: 	db connected
info: Oct-14-2024 12:18:44: 	server is running on http:/localhost:3001
info: Oct-14-2024 12:18:44: 	Roles and Super Admin seeded.
info: Oct-14-2024 12:18:44: 	db connected
info: Oct-14-2024 12:34:17: 	server is running on http:/localhost:3001
info: Oct-14-2024 12:34:17: 	Roles and Super Admin seeded.
info: Oct-14-2024 12:34:17: 	db connected
info: Oct-14-2024 12:37:20: 	server is running on http:/localhost:3001
info: Oct-14-2024 12:37:20: 	Roles and Super Admin seeded.
info: Oct-14-2024 12:37:20: 	db connected
info: Oct-14-2024 12:37:25: 	server is running on http:/localhost:3001
info: Oct-14-2024 12:37:28: 	server is running on http:/localhost:3001
info: Oct-14-2024 12:37:28: 	Roles and Super Admin seeded.
info: Oct-14-2024 12:37:28: 	db connected
info: Oct-14-2024 12:37:47: 	server is running on http:/localhost:3001
info: Oct-14-2024 12:37:47: 	Roles and Super Admin seeded.
info: Oct-14-2024 12:37:47: 	db connected
info: Oct-14-2024 12:37:59: 	server is running on http:/localhost:3001
info: Oct-14-2024 12:37:59: 	Roles and Super Admin seeded.
info: Oct-14-2024 12:37:59: 	db connected
info: Oct-14-2024 12:46:02: 	server is running on http:/localhost:3001
info: Oct-14-2024 12:46:02: 	Roles and Super Admin seeded.
info: Oct-14-2024 12:46:02: 	db connected
info: Oct-14-2024 12:46:25: 	server is running on http:/localhost:3001
info: Oct-14-2024 12:46:25: 	Roles and Super Admin seeded.
info: Oct-14-2024 12:46:25: 	db connected
info: Oct-14-2024 12:57:41: 	server is running on http:/localhost:3001
info: Oct-14-2024 12:57:41: 	Roles and Super Admin seeded.
info: Oct-14-2024 12:57:41: 	db connected
info: Oct-14-2024 13:05:22: 	server is running on http:/localhost:3001
info: Oct-14-2024 13:05:22: 	Roles and Super Admin seeded.
info: Oct-14-2024 13:05:22: 	db connected
info: Oct-14-2024 13:06:45: 	server is running on http:/localhost:3001
info: Oct-14-2024 13:06:45: 	Roles and Super Admin seeded.
info: Oct-14-2024 13:06:45: 	db connected
error: Oct-14-2024 13:06:58: 	Error in login service: Error: Invalid credentials
error: Oct-14-2024 13:06:58: 	Invalid credentials
info: Oct-14-2024 13:09:29: 	server is running on http:/localhost:3001
info: Oct-14-2024 13:09:29: 	Role already exists: SuperAdmin
info: Oct-14-2024 13:09:29: 	Role already exists: Admin
info: Oct-14-2024 13:09:29: 	Role already exists: SubAdmin
info: Oct-14-2024 13:09:29: 	Role already exists: Employee
info: Oct-14-2024 13:09:29: 	Role already exists: Guset
error: Oct-14-2024 13:09:29: 	Error seeding super admin: notNull Violation: Staff.first_name cannot be null,
notNull Violation: Staff.last_name cannot be null,
notNull Violation: Staff.email cannot be null
info: Oct-14-2024 13:09:29: 	Roles and Super Admin seeded successfully.
info: Oct-14-2024 13:09:29: 	db connected
info: Oct-14-2024 13:10:08: 	server is running on http:/localhost:3001
info: Oct-14-2024 13:10:08: 	Role created: SuperAdmin
info: Oct-14-2024 13:10:08: 	Role created: Admin
info: Oct-14-2024 13:10:08: 	Role created: SubAdmin
info: Oct-14-2024 13:10:08: 	Role created: Employee
info: Oct-14-2024 13:10:08: 	Role created: Guset
error: Oct-14-2024 13:10:08: 	Error seeding super admin: notNull Violation: Staff.first_name cannot be null,
notNull Violation: Staff.last_name cannot be null,
notNull Violation: Staff.email cannot be null
info: Oct-14-2024 13:10:08: 	Roles and Super Admin seeded successfully.
info: Oct-14-2024 13:10:08: 	db connected
info: Oct-14-2024 13:11:14: 	server is running on http:/localhost:3001
info: Oct-14-2024 13:11:14: 	Role already exists: SuperAdmin
info: Oct-14-2024 13:11:14: 	Role already exists: Admin
info: Oct-14-2024 13:11:14: 	Role already exists: SubAdmin
info: Oct-14-2024 13:11:14: 	Role already exists: Employee
info: Oct-14-2024 13:11:14: 	Role already exists: Guset
error: Oct-14-2024 13:11:14: 	Error seeding super admin: Expected double-quoted property name in JSON at position 118
info: Oct-14-2024 13:11:14: 	Roles and Super Admin seeded successfully.
info: Oct-14-2024 13:11:14: 	db connected
info: Oct-14-2024 13:11:21: 	server is running on http:/localhost:3001
info: Oct-14-2024 13:11:21: 	Role already exists: SuperAdmin
info: Oct-14-2024 13:11:21: 	Role already exists: Admin
info: Oct-14-2024 13:11:21: 	Role already exists: SubAdmin
info: Oct-14-2024 13:11:21: 	Role already exists: Employee
info: Oct-14-2024 13:11:21: 	Role already exists: Guset
error: Oct-14-2024 13:11:21: 	Error seeding super admin: Expected double-quoted property name in JSON at position 118
info: Oct-14-2024 13:11:21: 	Roles and Super Admin seeded successfully.
info: Oct-14-2024 13:11:21: 	db connected
info: Oct-14-2024 13:11:26: 	server is running on http:/localhost:3001
info: Oct-14-2024 13:11:26: 	Role already exists: SuperAdmin
info: Oct-14-2024 13:11:26: 	Role already exists: Admin
info: Oct-14-2024 13:11:26: 	Role already exists: SubAdmin
info: Oct-14-2024 13:11:26: 	Role already exists: Employee
info: Oct-14-2024 13:11:26: 	Role already exists: Guset
info: Oct-14-2024 13:11:26: 	Super Admin created: Anil Shebin S J
info: Oct-14-2024 13:11:27: 	Super Admin created: Sowmiya Sowmiya
info: Oct-14-2024 13:11:27: 	Super Admin created: Keerthi Vasan
info: Oct-14-2024 13:11:27: 	Roles and Super Admin seeded successfully.
info: Oct-14-2024 13:11:27: 	db connected
info: Oct-14-2024 13:13:04: 	server is running on http:/localhost:3001
info: Oct-14-2024 13:13:04: 	Role already exists: SuperAdmin
info: Oct-14-2024 13:13:04: 	Role already exists: Admin
info: Oct-14-2024 13:13:04: 	Role already exists: SubAdmin
info: Oct-14-2024 13:13:04: 	Role already exists: Employee
info: Oct-14-2024 13:13:04: 	Role already exists: Guset
info: Oct-14-2024 13:13:04: 	Super Admin already exists: Anil Shebin S J
info: Oct-14-2024 13:13:04: 	Super Admin already exists: Sowmiya Sowmiya
info: Oct-14-2024 13:13:04: 	Super Admin already exists: Keerthi Vasan
info: Oct-14-2024 13:13:04: 	Roles and Super Admin seeded successfully.
info: Oct-14-2024 13:13:04: 	db connected
info: Oct-14-2024 13:13:11: 	server is running on http:/localhost:3001
info: Oct-14-2024 13:13:12: 	Role already exists: SuperAdmin
info: Oct-14-2024 13:13:12: 	Role already exists: Admin
info: Oct-14-2024 13:13:12: 	Role already exists: SubAdmin
info: Oct-14-2024 13:13:12: 	Role already exists: Employee
info: Oct-14-2024 13:13:12: 	Role already exists: Guset
info: Oct-14-2024 13:13:12: 	Super Admin already exists: Anil Shebin S J
info: Oct-14-2024 13:13:12: 	Super Admin already exists: Sowmiya Sowmiya
info: Oct-14-2024 13:13:12: 	Super Admin already exists: Keerthi Vasan
info: Oct-14-2024 13:13:12: 	Roles and Super Admin seeded successfully.
info: Oct-14-2024 13:13:12: 	db connected
info: Oct-14-2024 13:15:17: 	server is running on http:/localhost:3001
info: Oct-14-2024 13:15:17: 	3 Super Admin(s) already exist.
info: Oct-14-2024 13:15:17: 	Super Admin seeded successfully.
info: Oct-14-2024 13:15:17: 	db connected
error: Oct-14-2024 13:16:59: 	Role ID is required, "staff_id" is not allowed, "isVerified" is not allowed
error: Oct-14-2024 13:17:12: 	notNull Violation: Staff.staff_id cannot be null
error: Oct-14-2024 13:17:46: 	"staff_id" is not allowed
error: Oct-14-2024 13:18:40: 	"staff_id" is not allowed, "isVerified" is not allowed
info: Oct-14-2024 13:19:30: 	server is running on http:/localhost:3001
info: Oct-14-2024 13:19:30: 	3 Super Admin(s) already exist.
info: Oct-14-2024 13:19:30: 	Super Admin seeded successfully.
info: Oct-14-2024 13:19:30: 	db connected
info: Oct-14-2024 13:19:49: 	server is running on http:/localhost:3001
info: Oct-14-2024 13:19:49: 	3 Super Admin(s) already exist.
info: Oct-14-2024 13:19:49: 	Super Admin seeded successfully.
info: Oct-14-2024 13:19:49: 	db connected
error: Oct-14-2024 13:20:04: 	Validation error
info: Oct-14-2024 13:24:51: 	server is running on http:/localhost:3001
info: Oct-14-2024 13:24:51: 	3 Super Admin(s) already exist.
info: Oct-14-2024 13:24:51: 	Super Admin seeded successfully.
info: Oct-14-2024 13:24:51: 	db connected
error: Oct-14-2024 13:25:02: 	Validation error
info: Oct-14-2024 13:25:33: 	server is running on http:/localhost:3001
info: Oct-14-2024 13:25:34: 	Super Admin seeded successfully.
info: Oct-14-2024 13:25:34: 	db connected
info: Oct-14-2024 13:30:04: 	server is running on http:/localhost:3001
info: Oct-14-2024 13:30:04: 	3 Super Admin(s) already exist.
info: Oct-14-2024 13:30:04: 	Super Admin seeded successfully.
info: Oct-14-2024 13:30:04: 	db connected
error: Oct-14-2024 13:31:18: 	Route Not Found
error: Oct-14-2024 13:31:35: 	Staff member not found
info: Oct-14-2024 13:53:00: 	server is running on http:/localhost:3001
info: Oct-14-2024 13:53:00: 	3 Super Admin(s) already exist.
info: Oct-14-2024 13:53:00: 	Super Admin seeded successfully.
info: Oct-14-2024 13:53:00: 	db connected
error: Oct-14-2024 13:53:09: 	Validation error
info: Oct-14-2024 13:54:31: 	server is running on http:/localhost:3001
info: Oct-14-2024 13:54:31: 	3 Super Admin(s) already exist.
info: Oct-14-2024 13:54:31: 	Super Admin seeded successfully.
info: Oct-14-2024 13:54:31: 	db connected
info: Oct-14-2024 13:55:05: 	server is running on http:/localhost:3001
info: Oct-14-2024 13:55:06: 	3 Super Admin(s) already exist.
info: Oct-14-2024 13:55:06: 	Super Admin seeded successfully.
info: Oct-14-2024 13:55:06: 	db connected
info: Oct-14-2024 13:55:23: 	server is running on http:/localhost:3001
info: Oct-14-2024 13:55:23: 	3 Super Admin(s) already exist.
info: Oct-14-2024 13:55:23: 	Super Admin seeded successfully.
info: Oct-14-2024 13:55:23: 	db connected
info: Oct-14-2024 13:55:50: 	server is running on http:/localhost:3001
info: Oct-14-2024 13:55:50: 	3 Super Admin(s) already exist.
info: Oct-14-2024 13:55:50: 	Super Admin seeded successfully.
info: Oct-14-2024 13:55:50: 	db connected
info: Oct-14-2024 13:57:41: 	server is running on http:/localhost:3001
info: Oct-14-2024 13:57:41: 	3 Super Admin(s) already exist.
info: Oct-14-2024 13:57:41: 	Super Admin seeded successfully.
info: Oct-14-2024 13:57:41: 	db connected
error: Oct-14-2024 13:58:36: 	Staff member with ID 2007 not found
error: Oct-14-2024 13:58:51: 	Staff member not found
error: Oct-14-2024 13:58:57: 	Staff member not found
info: Oct-14-2024 14:04:10: 	server is running on http:/localhost:3001
info: Oct-14-2024 14:04:10: 	3 Super Admin(s) already exist.
info: Oct-14-2024 14:04:10: 	Super Admin seeded successfully.
info: Oct-14-2024 14:04:10: 	db connected
info: Oct-14-2024 14:04:16: 	server is running on http:/localhost:3001
info: Oct-14-2024 14:04:16: 	3 Super Admin(s) already exist.
info: Oct-14-2024 14:04:16: 	Super Admin seeded successfully.
info: Oct-14-2024 14:04:16: 	db connected
info: Oct-14-2024 14:04:21: 	server is running on http:/localhost:3001
info: Oct-14-2024 14:04:21: 	3 Super Admin(s) already exist.
info: Oct-14-2024 14:04:21: 	Super Admin seeded successfully.
info: Oct-14-2024 14:04:21: 	db connected
info: Oct-14-2024 14:04:23: 	server is running on http:/localhost:3001
info: Oct-14-2024 14:04:24: 	3 Super Admin(s) already exist.
info: Oct-14-2024 14:04:24: 	Super Admin seeded successfully.
info: Oct-14-2024 14:04:24: 	db connected
error: Oct-14-2024 14:04:27: 	Staff member not found
error: Oct-14-2024 14:04:46: 	Staff member not found
info: Oct-14-2024 14:08:45: 	server is running on http:/localhost:3001
info: Oct-14-2024 14:08:45: 	3 Super Admin(s) already exist.
info: Oct-14-2024 14:08:45: 	Super Admin seeded successfully.
info: Oct-14-2024 14:08:45: 	db connected
error: Oct-14-2024 14:08:51: 	WHERE parameter "staff_id" has invalid "undefined" value
error: Oct-14-2024 14:09:00: 	WHERE parameter "staff_id" has invalid "undefined" value
error: Oct-14-2024 14:09:15: 	WHERE parameter "staff_id" has invalid "undefined" value
info: Oct-14-2024 14:10:11: 	server is running on http:/localhost:3001
info: Oct-14-2024 14:10:11: 	Super Admin seeded successfully.
info: Oct-14-2024 14:10:11: 	db connected
error: Oct-14-2024 14:10:46: 	Validation error
error: Oct-14-2024 14:10:58: 	WHERE parameter "staff_id" has invalid "undefined" value
info: Oct-14-2024 14:13:24: 	server is running on http:/localhost:3001
info: Oct-14-2024 14:13:24: 	3 Super Admin(s) already exist.
info: Oct-14-2024 14:13:24: 	Super Admin seeded successfully.
info: Oct-14-2024 14:13:24: 	db connected
info: Oct-14-2024 14:13:50: 	server is running on http:/localhost:3001
info: Oct-14-2024 14:13:50: 	3 Super Admin(s) already exist.
info: Oct-14-2024 14:13:50: 	Super Admin seeded successfully.
info: Oct-14-2024 14:13:50: 	db connected
error: Oct-14-2024 14:14:02: 	Validation error
error: Oct-14-2024 14:15:03: 	Error in login service: Error: Invalid credentials
error: Oct-14-2024 14:15:03: 	Invalid credentials
error: Oct-14-2024 14:17:22: 	Staff member not found
info: Oct-14-2024 14:18:36: 	server is running on http:/localhost:3001
info: Oct-14-2024 14:18:36: 	3 Super Admin(s) already exist.
info: Oct-14-2024 14:18:36: 	Super Admin seeded successfully.
info: Oct-14-2024 14:18:36: 	db connected
info: Oct-14-2024 14:18:48: 	server is running on http:/localhost:3001
info: Oct-14-2024 14:18:48: 	3 Super Admin(s) already exist.
info: Oct-14-2024 14:18:48: 	Super Admin seeded successfully.
info: Oct-14-2024 14:18:48: 	db connected
info: Oct-14-2024 14:24:48: 	server is running on http:/localhost:3001
info: Oct-14-2024 14:24:48: 	3 Super Admin(s) already exist.
info: Oct-14-2024 14:24:48: 	Super Admin seeded successfully.
info: Oct-14-2024 14:24:48: 	db connected
info: Oct-14-2024 14:24:59: 	server is running on http:/localhost:3001
info: Oct-14-2024 14:24:59: 	3 Super Admin(s) already exist.
info: Oct-14-2024 14:24:59: 	Super Admin seeded successfully.
info: Oct-14-2024 14:24:59: 	db connected
info: Oct-14-2024 14:31:01: 	server is running on http:/localhost:3001
info: Oct-14-2024 14:31:01: 	3 Super Admin(s) already exist.
info: Oct-14-2024 14:31:01: 	Super Admin seeded successfully.
info: Oct-14-2024 14:31:01: 	db connected
info: Oct-14-2024 14:31:08: 	server is running on http:/localhost:3001
info: Oct-14-2024 14:31:08: 	3 Super Admin(s) already exist.
info: Oct-14-2024 14:31:08: 	Super Admin seeded successfully.
info: Oct-14-2024 14:31:08: 	db connected
info: Oct-14-2024 14:31:21: 	server is running on http:/localhost:3001
info: Oct-14-2024 14:31:21: 	3 Super Admin(s) already exist.
info: Oct-14-2024 14:31:21: 	Super Admin seeded successfully.
info: Oct-14-2024 14:31:21: 	db connected
