info: Oct-18-2024 09:04:12: 	server is running on http:/localhost:3001
info: Oct-18-2024 09:04:12: 	1 Super Admin(s) already exist.
info: Oct-18-2024 09:04:12: 	Super Admin seeded successfully.
info: Oct-18-2024 09:04:12: 	db connected
info: Oct-18-2024 09:04:20: 	server is running on http:/localhost:3001
info: Oct-18-2024 09:04:20: 	1 Super Admin(s) already exist.
info: Oct-18-2024 09:04:20: 	Super Admin seeded successfully.
info: Oct-18-2024 09:04:20: 	db connected
error: Oct-18-2024 09:04:22: 	Validation error
info: Oct-18-2024 09:05:12: 	server is running on http:/localhost:3001
info: Oct-18-2024 09:05:13: 	Super Admin seeded successfully.
info: Oct-18-2024 09:05:13: 	db connected
error: Oct-18-2024 09:15:05: 	Validation error
error: Oct-18-2024 09:17:24: 	Validation error
error: Oct-18-2024 09:59:38: 	Validation error
info: Oct-18-2024 10:17:02: 	server is running on http:/localhost:3001
info: Oct-18-2024 10:17:02: 	1 Super Admin(s) already exist.
info: Oct-18-2024 10:17:02: 	Super Admin seeded successfully.
info: Oct-18-2024 10:17:02: 	db connected
info: Oct-18-2024 10:17:34: 	server is running on http:/localhost:3001
info: Oct-18-2024 10:17:34: 	1 Super Admin(s) already exist.
info: Oct-18-2024 10:17:34: 	Super Admin seeded successfully.
info: Oct-18-2024 10:17:34: 	db connected
info: Oct-18-2024 10:18:32: 	server is running on http:/localhost:3001
info: Oct-18-2024 10:18:32: 	1 Super Admin(s) already exist.
info: Oct-18-2024 10:18:32: 	Super Admin seeded successfully.
info: Oct-18-2024 10:18:32: 	db connected
info: Oct-18-2024 10:18:56: 	server is running on http:/localhost:3001
info: Oct-18-2024 10:18:56: 	1 Super Admin(s) already exist.
info: Oct-18-2024 10:18:56: 	Super Admin seeded successfully.
info: Oct-18-2024 10:18:56: 	db connected
info: Oct-18-2024 10:19:22: 	server is running on http:/localhost:3001
info: Oct-18-2024 10:19:22: 	1 Super Admin(s) already exist.
info: Oct-18-2024 10:19:22: 	Super Admin seeded successfully.
info: Oct-18-2024 10:19:22: 	db connected
info: Oct-18-2024 10:20:17: 	server is running on http:/localhost:3001
info: Oct-18-2024 10:20:17: 	1 Super Admin(s) already exist.
info: Oct-18-2024 10:20:17: 	Super Admin seeded successfully.
info: Oct-18-2024 10:20:17: 	db connected
info: Oct-18-2024 10:20:34: 	server is running on http:/localhost:3001
info: Oct-18-2024 10:20:34: 	1 Super Admin(s) already exist.
info: Oct-18-2024 10:20:34: 	Super Admin seeded successfully.
info: Oct-18-2024 10:20:34: 	db connected
info: Oct-18-2024 10:20:51: 	server is running on http:/localhost:3001
info: Oct-18-2024 10:20:51: 	1 Super Admin(s) already exist.
info: Oct-18-2024 10:20:51: 	Super Admin seeded successfully.
info: Oct-18-2024 10:20:51: 	db connected
info: Oct-18-2024 10:28:25: 	server is running on http:/localhost:3001
info: Oct-18-2024 10:28:25: 	1 Super Admin(s) already exist.
info: Oct-18-2024 10:28:25: 	Super Admin seeded successfully.
info: Oct-18-2024 10:28:25: 	db connected
info: Oct-18-2024 10:28:49: 	server is running on http:/localhost:3001
info: Oct-18-2024 10:28:49: 	1 Super Admin(s) already exist.
info: Oct-18-2024 10:28:49: 	Super Admin seeded successfully.
info: Oct-18-2024 10:28:49: 	db connected
info: Oct-18-2024 10:28:53: 	server is running on http:/localhost:3001
info: Oct-18-2024 10:28:53: 	1 Super Admin(s) already exist.
info: Oct-18-2024 10:28:53: 	Super Admin seeded successfully.
info: Oct-18-2024 10:28:53: 	db connected
info: Oct-18-2024 10:29:15: 	server is running on http:/localhost:3001
info: Oct-18-2024 10:29:15: 	1 Super Admin(s) already exist.
info: Oct-18-2024 10:29:15: 	Super Admin seeded successfully.
info: Oct-18-2024 10:29:15: 	db connected
info: Oct-18-2024 10:29:40: 	server is running on http:/localhost:3001
info: Oct-18-2024 10:29:40: 	1 Super Admin(s) already exist.
info: Oct-18-2024 10:29:40: 	Super Admin seeded successfully.
info: Oct-18-2024 10:29:40: 	db connected
info: Oct-18-2024 10:29:56: 	server is running on http:/localhost:3001
info: Oct-18-2024 10:29:56: 	1 Super Admin(s) already exist.
info: Oct-18-2024 10:29:56: 	Super Admin seeded successfully.
info: Oct-18-2024 10:29:56: 	db connected
info: Oct-18-2024 10:30:14: 	server is running on http:/localhost:3001
info: Oct-18-2024 10:30:14: 	1 Super Admin(s) already exist.
info: Oct-18-2024 10:30:14: 	Super Admin seeded successfully.
info: Oct-18-2024 10:30:14: 	db connected
info: Oct-18-2024 10:30:35: 	server is running on http:/localhost:3001
info: Oct-18-2024 10:30:35: 	1 Super Admin(s) already exist.
info: Oct-18-2024 10:30:35: 	Super Admin seeded successfully.
info: Oct-18-2024 10:30:35: 	db connected
info: Oct-18-2024 10:30:58: 	server is running on http:/localhost:3001
info: Oct-18-2024 10:30:58: 	1 Super Admin(s) already exist.
info: Oct-18-2024 10:30:58: 	Super Admin seeded successfully.
info: Oct-18-2024 10:30:58: 	db connected
info: Oct-18-2024 10:31:06: 	server is running on http:/localhost:3001
info: Oct-18-2024 10:31:06: 	1 Super Admin(s) already exist.
info: Oct-18-2024 10:31:06: 	Super Admin seeded successfully.
info: Oct-18-2024 10:31:06: 	db connected
info: Oct-18-2024 10:31:28: 	server is running on http:/localhost:3001
info: Oct-18-2024 10:31:28: 	1 Super Admin(s) already exist.
info: Oct-18-2024 10:31:28: 	Super Admin seeded successfully.
info: Oct-18-2024 10:31:28: 	db connected
info: Oct-18-2024 10:32:06: 	server is running on http:/localhost:3001
info: Oct-18-2024 10:32:06: 	1 Super Admin(s) already exist.
info: Oct-18-2024 10:32:06: 	Super Admin seeded successfully.
info: Oct-18-2024 10:32:06: 	db connected
info: Oct-18-2024 10:32:09: 	server is running on http:/localhost:3001
info: Oct-18-2024 10:32:09: 	1 Super Admin(s) already exist.
info: Oct-18-2024 10:32:09: 	Super Admin seeded successfully.
info: Oct-18-2024 10:32:09: 	db connected
info: Oct-18-2024 10:32:20: 	server is running on http:/localhost:3001
info: Oct-18-2024 10:32:21: 	1 Super Admin(s) already exist.
info: Oct-18-2024 10:32:21: 	Super Admin seeded successfully.
info: Oct-18-2024 10:32:21: 	db connected
info: Oct-18-2024 10:33:15: 	server is running on http:/localhost:3001
info: Oct-18-2024 10:33:15: 	1 Super Admin(s) already exist.
info: Oct-18-2024 10:33:15: 	Super Admin seeded successfully.
info: Oct-18-2024 10:33:15: 	db connected
info: Oct-18-2024 10:33:19: 	server is running on http:/localhost:3001
info: Oct-18-2024 10:33:19: 	1 Super Admin(s) already exist.
info: Oct-18-2024 10:33:19: 	Super Admin seeded successfully.
info: Oct-18-2024 10:33:19: 	db connected
info: Oct-18-2024 10:33:55: 	server is running on http:/localhost:3001
info: Oct-18-2024 10:33:55: 	Super Admin seeded successfully.
info: Oct-18-2024 10:33:55: 	db connected
info: Oct-18-2024 10:35:39: 	server is running on http:/localhost:3001
info: Oct-18-2024 10:35:39: 	Super Admin seeded successfully.
info: Oct-18-2024 10:35:39: 	db connected
info: Oct-18-2024 10:42:04: 	server is running on http:/localhost:3001
info: Oct-18-2024 10:42:04: 	1 Super Admin(s) already exist.
info: Oct-18-2024 10:42:04: 	Super Admin seeded successfully.
info: Oct-18-2024 10:42:04: 	db connected
info: Oct-18-2024 10:42:15: 	server is running on http:/localhost:3001
info: Oct-18-2024 10:42:16: 	1 Super Admin(s) already exist.
info: Oct-18-2024 10:42:16: 	Super Admin seeded successfully.
info: Oct-18-2024 10:42:16: 	db connected
info: Oct-18-2024 10:42:30: 	server is running on http:/localhost:3001
info: Oct-18-2024 10:42:30: 	1 Super Admin(s) already exist.
info: Oct-18-2024 10:42:30: 	Super Admin seeded successfully.
info: Oct-18-2024 10:42:30: 	db connected
info: Oct-18-2024 10:42:40: 	server is running on http:/localhost:3001
info: Oct-18-2024 10:42:40: 	1 Super Admin(s) already exist.
info: Oct-18-2024 10:42:40: 	Super Admin seeded successfully.
info: Oct-18-2024 10:42:40: 	db connected
info: Oct-18-2024 10:42:49: 	server is running on http:/localhost:3001
info: Oct-18-2024 10:42:49: 	1 Super Admin(s) already exist.
info: Oct-18-2024 10:42:49: 	Super Admin seeded successfully.
info: Oct-18-2024 10:42:49: 	db connected
info: Oct-18-2024 10:42:59: 	server is running on http:/localhost:3001
info: Oct-18-2024 10:42:59: 	1 Super Admin(s) already exist.
info: Oct-18-2024 10:42:59: 	Super Admin seeded successfully.
info: Oct-18-2024 10:42:59: 	db connected
info: Oct-18-2024 10:44:06: 	server is running on http:/localhost:3001
info: Oct-18-2024 10:44:06: 	Super Admin seeded successfully.
info: Oct-18-2024 10:44:06: 	db connected
error: Oct-18-2024 12:20:42: 	Error creating company: Validation error: Validation isNumeric on mobile_no failed,
Validation error: Validation len on mobile_no failed
error: Oct-18-2024 12:21:18: 	Error creating company: Validation error: Validation len on mobile_no failed
error: Oct-18-2024 12:25:51: 	Error creating company: Validation error: Validation isNumeric on mobile_no failed,
Validation error: Validation len on mobile_no failed,
Validation error: Validation isEmail on email_id failed,
Validation error: Validation isEmail on manager_email_id failed
info: Oct-18-2024 12:30:10: 	server is running on http:/localhost:3001
info: Oct-18-2024 12:30:10: 	1 Super Admin(s) already exist.
info: Oct-18-2024 12:30:10: 	Super Admin seeded successfully.
info: Oct-18-2024 12:30:10: 	db connected
info: Oct-18-2024 12:30:52: 	server is running on http:/localhost:3001
info: Oct-18-2024 12:30:52: 	Super Admin seeded successfully.
info: Oct-18-2024 12:30:52: 	db connected
info: Oct-18-2024 14:16:54: 	server is running on http:/localhost:3001
info: Oct-18-2024 14:16:54: 	1 Super Admin(s) already exist.
info: Oct-18-2024 14:16:54: 	Super Admin seeded successfully.
info: Oct-18-2024 14:16:54: 	db connected
error: Oct-18-2024 15:59:20: 	data and salt arguments required
error: Oct-19-2024 16:54:41: 	Error creating company: Validation error
