info: Oct-08-2024 15:23:12: 	server is running on http://localhost:3001
error: Oct-08-2024 15:23:12: 	Error in connecting database:  Unknown database 'login'
info: Oct-08-2024 15:23:49: 	server is running on http://localhost:3001
info: Oct-08-2024 15:23:49: 	Roles and Super Admin seeded.
info: Oct-08-2024 15:23:49: 	db connected
error: Oct-08-2024 15:30:49: 	Route Not Found
error: Oct-08-2024 15:31:23: 	Route Not Found
error: Oct-08-2024 15:31:36: 	Route Not Found
error: Oct-08-2024 15:33:37: 	Route Not Found
error: Oct-08-2024 15:33:38: 	Route Not Found
error: Oct-08-2024 15:34:00: 	Route Not Found
error: Oct-08-2024 15:35:08: 	Route Not Found
error: Oct-08-2024 15:35:13: 	Route Not Found
error: Oct-08-2024 15:35:23: 	Route Not Found
error: Oct-08-2024 15:37:38: 	Route Not Found
error: Oct-08-2024 15:37:49: 	Route Not Found
error: Oct-08-2024 15:38:21: 	Route Not Found
error: Oct-08-2024 15:38:25: 	Route Not Found
error: Oct-08-2024 15:38:28: 	Route Not Found
error: Oct-08-2024 15:42:31: 	Email is required
error: Oct-08-2024 15:42:31: 	Email is required
error: Oct-08-2024 15:42:32: 	Email is required
error: Oct-08-2024 15:42:32: 	Email is required
error: Oct-08-2024 15:44:50: 	Route Not Found
error: Oct-08-2024 15:44:56: 	Route Not Found
error: Oct-08-2024 15:45:02: 	Email is required
error: Oct-08-2024 15:45:02: 	Email is required
info: Oct-08-2024 15:57:33: 	server is running on http:/localhost:3001
info: Oct-08-2024 15:57:33: 	Roles and Super Admin seeded.
info: Oct-08-2024 15:57:33: 	db connected
info: Oct-08-2024 16:01:38: 	server is running on http:/localhost:3001
info: Oct-08-2024 16:01:38: 	Roles and Super Admin seeded.
info: Oct-08-2024 16:01:38: 	db connected
info: Oct-08-2024 16:04:52: 	server is running on http:/localhost:3001
info: Oct-08-2024 16:04:52: 	Roles and Super Admin seeded.
info: Oct-08-2024 16:04:52: 	db connected
info: Oct-08-2024 16:05:13: 	server is running on http:/localhost:3001
info: Oct-08-2024 16:05:13: 	Roles and Super Admin seeded.
info: Oct-08-2024 16:05:13: 	db connected
info: Oct-08-2024 16:05:38: 	server is running on http:/localhost:3001
info: Oct-08-2024 16:05:38: 	Roles and Super Admin seeded.
info: Oct-08-2024 16:05:38: 	db connected
info: Oct-08-2024 16:05:42: 	server is running on http:/localhost:3001
info: Oct-08-2024 16:05:42: 	Roles and Super Admin seeded.
info: Oct-08-2024 16:05:42: 	db connected
info: Oct-08-2024 16:05:48: 	server is running on http:/localhost:3001
info: Oct-08-2024 16:05:48: 	Roles and Super Admin seeded.
info: Oct-08-2024 16:05:48: 	db connected
info: Oct-08-2024 16:05:53: 	server is running on http:/localhost:3001
info: Oct-08-2024 16:05:53: 	Roles and Super Admin seeded.
info: Oct-08-2024 16:05:53: 	db connected
info: Oct-08-2024 16:06:04: 	server is running on http:/localhost:3001
info: Oct-08-2024 16:06:04: 	Roles and Super Admin seeded.
info: Oct-08-2024 16:06:04: 	db connected
info: Oct-08-2024 16:06:10: 	server is running on http:/localhost:3001
info: Oct-08-2024 16:06:10: 	Roles and Super Admin seeded.
info: Oct-08-2024 16:06:10: 	db connected
info: Oct-08-2024 16:06:19: 	server is running on http:/localhost:3001
info: Oct-08-2024 16:06:20: 	Roles and Super Admin seeded.
info: Oct-08-2024 16:06:20: 	db connected
info: Oct-08-2024 16:06:28: 	server is running on http:/localhost:3001
info: Oct-08-2024 16:06:28: 	Roles and Super Admin seeded.
info: Oct-08-2024 16:06:28: 	db connected
info: Oct-08-2024 16:06:35: 	server is running on http:/localhost:3001
info: Oct-08-2024 16:06:35: 	Roles and Super Admin seeded.
info: Oct-08-2024 16:06:35: 	db connected
info: Oct-08-2024 16:06:46: 	server is running on http:/localhost:3001
info: Oct-08-2024 16:06:46: 	Roles and Super Admin seeded.
info: Oct-08-2024 16:06:46: 	db connected
info: Oct-08-2024 16:06:54: 	server is running on http:/localhost:3001
info: Oct-08-2024 16:06:54: 	Roles and Super Admin seeded.
info: Oct-08-2024 16:06:54: 	db connected
info: Oct-08-2024 16:06:59: 	server is running on http:/localhost:3001
info: Oct-08-2024 16:06:59: 	Roles and Super Admin seeded.
info: Oct-08-2024 16:06:59: 	db connected
info: Oct-08-2024 16:07:03: 	server is running on http:/localhost:3001
info: Oct-08-2024 16:07:03: 	Roles and Super Admin seeded.
info: Oct-08-2024 16:07:03: 	db connected
info: Oct-08-2024 16:07:10: 	server is running on http:/localhost:3001
info: Oct-08-2024 16:07:10: 	Roles and Super Admin seeded.
info: Oct-08-2024 16:07:10: 	db connected
info: Oct-08-2024 16:07:22: 	server is running on http:/localhost:3001
info: Oct-08-2024 16:07:23: 	Roles and Super Admin seeded.
info: Oct-08-2024 16:07:23: 	db connected
info: Oct-08-2024 16:07:30: 	server is running on http:/localhost:3001
info: Oct-08-2024 16:07:30: 	Roles and Super Admin seeded.
info: Oct-08-2024 16:07:30: 	db connected
info: Oct-08-2024 16:07:32: 	server is running on http:/localhost:3001
info: Oct-08-2024 16:07:32: 	Roles and Super Admin seeded.
info: Oct-08-2024 16:07:32: 	db connected
info: Oct-08-2024 16:07:41: 	server is running on http:/localhost:3001
info: Oct-08-2024 16:07:41: 	Roles and Super Admin seeded.
info: Oct-08-2024 16:07:41: 	db connected
info: Oct-08-2024 16:07:52: 	server is running on http:/localhost:3001
info: Oct-08-2024 16:07:52: 	Roles and Super Admin seeded.
info: Oct-08-2024 16:07:52: 	db connected
info: Oct-08-2024 16:07:57: 	server is running on http:/localhost:3001
info: Oct-08-2024 16:07:57: 	Roles and Super Admin seeded.
info: Oct-08-2024 16:07:57: 	db connected
info: Oct-08-2024 16:08:02: 	server is running on http:/localhost:3001
info: Oct-08-2024 16:08:02: 	Roles and Super Admin seeded.
info: Oct-08-2024 16:08:02: 	db connected
info: Oct-08-2024 16:08:12: 	server is running on http:/localhost:3001
info: Oct-08-2024 16:08:12: 	Roles and Super Admin seeded.
info: Oct-08-2024 16:08:12: 	db connected
info: Oct-08-2024 16:08:16: 	server is running on http:/localhost:3001
info: Oct-08-2024 16:08:16: 	Roles and Super Admin seeded.
info: Oct-08-2024 16:08:16: 	db connected
info: Oct-08-2024 16:08:38: 	server is running on http:/localhost:3001
info: Oct-08-2024 16:08:38: 	Roles and Super Admin seeded.
info: Oct-08-2024 16:08:38: 	db connected
info: Oct-08-2024 16:08:40: 	server is running on http:/localhost:3001
info: Oct-08-2024 16:08:40: 	Roles and Super Admin seeded.
info: Oct-08-2024 16:08:40: 	db connected
info: Oct-08-2024 16:08:45: 	server is running on http:/localhost:3001
info: Oct-08-2024 16:08:45: 	Roles and Super Admin seeded.
info: Oct-08-2024 16:08:45: 	db connected
info: Oct-08-2024 16:09:06: 	server is running on http:/localhost:3001
info: Oct-08-2024 16:09:06: 	Roles and Super Admin seeded.
info: Oct-08-2024 16:09:06: 	db connected
info: Oct-08-2024 16:09:18: 	server is running on http:/localhost:3001
info: Oct-08-2024 16:09:18: 	Roles and Super Admin seeded.
info: Oct-08-2024 16:09:18: 	db connected
info: Oct-08-2024 16:09:37: 	server is running on http:/localhost:3001
info: Oct-08-2024 16:09:37: 	Roles and Super Admin seeded.
info: Oct-08-2024 16:09:37: 	db connected
info: Oct-08-2024 16:09:44: 	server is running on http:/localhost:3001
info: Oct-08-2024 16:09:45: 	Roles and Super Admin seeded.
info: Oct-08-2024 16:09:45: 	db connected
info: Oct-08-2024 16:09:53: 	server is running on http:/localhost:3001
info: Oct-08-2024 16:09:53: 	Roles and Super Admin seeded.
info: Oct-08-2024 16:09:53: 	db connected
info: Oct-08-2024 16:10:00: 	server is running on http:/localhost:3001
info: Oct-08-2024 16:10:00: 	Roles and Super Admin seeded.
info: Oct-08-2024 16:10:00: 	db connected
info: Oct-08-2024 16:10:04: 	server is running on http:/localhost:3001
info: Oct-08-2024 16:10:04: 	Roles and Super Admin seeded.
info: Oct-08-2024 16:10:04: 	db connected
info: Oct-08-2024 16:12:45: 	server is running on http:/localhost:3001
info: Oct-08-2024 16:12:45: 	Roles and Super Admin seeded.
info: Oct-08-2024 16:12:45: 	db connected
info: Oct-08-2024 16:12:51: 	server is running on http:/localhost:3001
info: Oct-08-2024 16:12:51: 	Roles and Super Admin seeded.
info: Oct-08-2024 16:12:51: 	db connected
info: Oct-08-2024 16:12:56: 	server is running on http:/localhost:3001
info: Oct-08-2024 16:12:57: 	Roles and Super Admin seeded.
info: Oct-08-2024 16:12:57: 	db connected
info: Oct-08-2024 16:13:06: 	server is running on http:/localhost:3001
info: Oct-08-2024 16:13:06: 	Roles and Super Admin seeded.
info: Oct-08-2024 16:13:06: 	db connected
info: Oct-08-2024 16:13:12: 	server is running on http:/localhost:3001
info: Oct-08-2024 16:13:12: 	Roles and Super Admin seeded.
info: Oct-08-2024 16:13:12: 	db connected
info: Oct-08-2024 16:20:49: 	server is running on http:/localhost:3001
info: Oct-08-2024 16:20:49: 	Roles and Super Admin seeded.
info: Oct-08-2024 16:20:49: 	db connected
info: Oct-08-2024 16:20:51: 	server is running on http:/localhost:3001
info: Oct-08-2024 16:20:51: 	Roles and Super Admin seeded.
info: Oct-08-2024 16:20:51: 	db connected
info: Oct-08-2024 16:20:59: 	server is running on http:/localhost:3001
info: Oct-08-2024 16:20:59: 	Roles and Super Admin seeded.
info: Oct-08-2024 16:20:59: 	db connected
info: Oct-08-2024 16:21:03: 	server is running on http:/localhost:3001
info: Oct-08-2024 16:21:03: 	Roles and Super Admin seeded.
info: Oct-08-2024 16:21:03: 	db connected
info: Oct-08-2024 16:21:30: 	server is running on http:/localhost:3001
info: Oct-08-2024 16:21:30: 	Roles and Super Admin seeded.
info: Oct-08-2024 16:21:30: 	db connected
info: Oct-08-2024 16:21:33: 	server is running on http:/localhost:3001
info: Oct-08-2024 16:21:33: 	Roles and Super Admin seeded.
info: Oct-08-2024 16:21:33: 	db connected
info: Oct-08-2024 16:21:36: 	server is running on http:/localhost:3001
info: Oct-08-2024 16:21:36: 	Roles and Super Admin seeded.
info: Oct-08-2024 16:21:36: 	db connected
info: Oct-08-2024 16:21:40: 	server is running on http:/localhost:3001
info: Oct-08-2024 16:21:40: 	Roles and Super Admin seeded.
info: Oct-08-2024 16:21:40: 	db connected
info: Oct-08-2024 16:21:47: 	server is running on http:/localhost:3001
info: Oct-08-2024 16:21:47: 	Roles and Super Admin seeded.
info: Oct-08-2024 16:21:47: 	db connected
info: Oct-08-2024 16:21:50: 	server is running on http:/localhost:3001
info: Oct-08-2024 16:21:50: 	Roles and Super Admin seeded.
info: Oct-08-2024 16:21:50: 	db connected
info: Oct-08-2024 16:21:54: 	server is running on http:/localhost:3001
info: Oct-08-2024 16:21:54: 	Roles and Super Admin seeded.
info: Oct-08-2024 16:21:54: 	db connected
info: Oct-08-2024 16:21:58: 	server is running on http:/localhost:3001
info: Oct-08-2024 16:21:58: 	Roles and Super Admin seeded.
info: Oct-08-2024 16:21:58: 	db connected
info: Oct-08-2024 16:22:03: 	server is running on http:/localhost:3001
info: Oct-08-2024 16:22:03: 	Roles and Super Admin seeded.
info: Oct-08-2024 16:22:03: 	db connected
info: Oct-08-2024 16:22:07: 	server is running on http:/localhost:3001
info: Oct-08-2024 16:22:07: 	Roles and Super Admin seeded.
info: Oct-08-2024 16:22:07: 	db connected
info: Oct-08-2024 16:22:11: 	server is running on http:/localhost:3001
info: Oct-08-2024 16:22:11: 	Roles and Super Admin seeded.
info: Oct-08-2024 16:22:11: 	db connected
info: Oct-08-2024 16:22:15: 	server is running on http:/localhost:3001
info: Oct-08-2024 16:22:15: 	Roles and Super Admin seeded.
info: Oct-08-2024 16:22:15: 	db connected
info: Oct-08-2024 16:22:22: 	server is running on http:/localhost:3001
info: Oct-08-2024 16:22:22: 	Roles and Super Admin seeded.
info: Oct-08-2024 16:22:22: 	db connected
info: Oct-08-2024 16:22:29: 	server is running on http:/localhost:3001
info: Oct-08-2024 16:22:30: 	Roles and Super Admin seeded.
info: Oct-08-2024 16:22:30: 	db connected
info: Oct-08-2024 16:22:36: 	server is running on http:/localhost:3001
info: Oct-08-2024 16:22:36: 	Roles and Super Admin seeded.
info: Oct-08-2024 16:22:36: 	db connected
info: Oct-08-2024 16:22:39: 	server is running on http:/localhost:3001
info: Oct-08-2024 16:22:39: 	Roles and Super Admin seeded.
info: Oct-08-2024 16:22:39: 	db connected
info: Oct-08-2024 16:22:42: 	server is running on http:/localhost:3001
info: Oct-08-2024 16:22:42: 	Roles and Super Admin seeded.
info: Oct-08-2024 16:22:42: 	db connected
info: Oct-08-2024 16:22:56: 	server is running on http:/localhost:3001
info: Oct-08-2024 16:22:56: 	Roles and Super Admin seeded.
info: Oct-08-2024 16:22:56: 	db connected
info: Oct-08-2024 16:22:58: 	server is running on http:/localhost:3001
info: Oct-08-2024 16:22:59: 	Roles and Super Admin seeded.
info: Oct-08-2024 16:22:59: 	db connected
info: Oct-08-2024 16:23:04: 	server is running on http:/localhost:3001
info: Oct-08-2024 16:23:05: 	Roles and Super Admin seeded.
info: Oct-08-2024 16:23:05: 	db connected
info: Oct-08-2024 16:23:09: 	server is running on http:/localhost:3001
info: Oct-08-2024 16:23:09: 	Roles and Super Admin seeded.
info: Oct-08-2024 16:23:09: 	db connected
info: Oct-08-2024 16:23:22: 	server is running on http:/localhost:3001
info: Oct-08-2024 16:23:22: 	Roles and Super Admin seeded.
info: Oct-08-2024 16:23:22: 	db connected
info: Oct-08-2024 16:23:32: 	server is running on http:/localhost:3001
info: Oct-08-2024 16:23:32: 	Roles and Super Admin seeded.
info: Oct-08-2024 16:23:32: 	db connected
info: Oct-08-2024 16:23:38: 	server is running on http:/localhost:3001
info: Oct-08-2024 16:23:38: 	Roles and Super Admin seeded.
info: Oct-08-2024 16:23:38: 	db connected
info: Oct-08-2024 16:23:43: 	server is running on http:/localhost:3001
info: Oct-08-2024 16:23:43: 	Roles and Super Admin seeded.
info: Oct-08-2024 16:23:43: 	db connected
info: Oct-08-2024 16:23:47: 	server is running on http:/localhost:3001
info: Oct-08-2024 16:23:47: 	Roles and Super Admin seeded.
info: Oct-08-2024 16:23:47: 	db connected
info: Oct-08-2024 16:23:51: 	server is running on http:/localhost:3001
info: Oct-08-2024 16:23:51: 	Roles and Super Admin seeded.
info: Oct-08-2024 16:23:51: 	db connected
info: Oct-08-2024 16:23:55: 	server is running on http:/localhost:3001
info: Oct-08-2024 16:23:55: 	Roles and Super Admin seeded.
info: Oct-08-2024 16:23:55: 	db connected
info: Oct-08-2024 16:24:05: 	server is running on http:/localhost:3001
info: Oct-08-2024 16:24:05: 	Roles and Super Admin seeded.
info: Oct-08-2024 16:24:05: 	db connected
info: Oct-08-2024 16:24:11: 	server is running on http:/localhost:3001
info: Oct-08-2024 16:24:11: 	Roles and Super Admin seeded.
info: Oct-08-2024 16:24:11: 	db connected
info: Oct-08-2024 19:11:42: 	server is running on http:/localhost:3001
info: Oct-08-2024 19:11:42: 	Roles and Super Admin seeded.
info: Oct-08-2024 19:11:42: 	db connected
info: Oct-08-2024 19:11:57: 	server is running on http:/localhost:3001
info: Oct-08-2024 19:11:57: 	Roles and Super Admin seeded.
info: Oct-08-2024 19:11:57: 	db connected
info: Oct-08-2024 19:14:03: 	server is running on http:/localhost:3001
info: Oct-08-2024 19:14:03: 	Roles and Super Admin seeded.
info: Oct-08-2024 19:14:03: 	db connected
info: Oct-08-2024 19:17:42: 	server is running on http:/localhost:3001
info: Oct-08-2024 19:17:42: 	Roles and Super Admin seeded.
info: Oct-08-2024 19:17:42: 	db connected
error: Oct-08-2024 19:17:59: 	Error in register service Error: User already exists.
error: Oct-08-2024 19:17:59: 	User already exists.
error: Oct-08-2024 19:19:52: 	"name" is not allowed
error: Oct-08-2024 19:19:52: 	"name" is not allowed
error: Oct-08-2024 19:20:35: 	"phone" is not allowed
error: Oct-08-2024 19:20:35: 	"phone" is not allowed
error: Oct-08-2024 19:20:41: 	Error in register service Error: User role not found.
error: Oct-08-2024 19:20:41: 	User role not found.
error: Oct-08-2024 19:21:33: 	"roleId" is not allowed
error: Oct-08-2024 19:21:33: 	"roleId" is not allowed
error: Oct-08-2024 19:21:38: 	"role" is not allowed
error: Oct-08-2024 19:21:38: 	"role" is not allowed
error: Oct-08-2024 19:23:14: 	"roleId" is not allowed
error: Oct-08-2024 19:23:14: 	"roleId" is not allowed
error: Oct-08-2024 19:23:21: 	"roleId" is not allowed
error: Oct-08-2024 19:23:21: 	"roleId" is not allowed
info: Oct-08-2024 19:24:32: 	server is running on http:/localhost:3001
info: Oct-08-2024 19:24:32: 	Roles and Super Admin seeded.
info: Oct-08-2024 19:24:32: 	db connected
error: Oct-08-2024 19:24:39: 	"roleId" is not allowed
error: Oct-08-2024 19:24:39: 	"roleId" is not allowed
error: Oct-08-2024 19:24:47: 	Error in register service: Error: User role not found.
error: Oct-08-2024 19:24:47: 	User role not found.
error: Oct-08-2024 19:25:15: 	"userRole" is not allowed
error: Oct-08-2024 19:25:15: 	"userRole" is not allowed
error: Oct-08-2024 19:27:22: 	"name" is not allowed
error: Oct-08-2024 19:27:22: 	"name" is not allowed
error: Oct-08-2024 19:27:26: 	"name" is not allowed
error: Oct-08-2024 19:27:26: 	"name" is not allowed
error: Oct-08-2024 19:27:31: 	"phone" is not allowed
error: Oct-08-2024 19:27:31: 	"phone" is not allowed
error: Oct-08-2024 19:27:36: 	Error in register service: Error: User role not found.
error: Oct-08-2024 19:27:36: 	User role not found.
info: Oct-08-2024 19:28:40: 	server is running on http:/localhost:3001
info: Oct-08-2024 19:28:40: 	Roles and Super Admin seeded.
info: Oct-08-2024 19:28:40: 	db connected
info: Oct-08-2024 19:28:56: 	server is running on http:/localhost:3001
info: Oct-08-2024 19:28:56: 	Roles and Super Admin seeded.
info: Oct-08-2024 19:28:56: 	db connected
info: Oct-08-2024 19:29:24: 	server is running on http:/localhost:3001
info: Oct-08-2024 19:29:24: 	Roles and Super Admin seeded.
info: Oct-08-2024 19:29:24: 	db connected
info: Oct-08-2024 19:31:39: 	server is running on http:/localhost:3001
info: Oct-08-2024 19:31:39: 	Roles and Super Admin seeded.
info: Oct-08-2024 19:31:39: 	db connected
error: Oct-08-2024 19:31:53: 	Error in registration service SequelizeValidationError: notNull Violation: User.roleId cannot be null
error: Oct-08-2024 19:31:53: 	notNull Violation: User.roleId cannot be null
error: Oct-08-2024 19:32:26: 	"roleId" is not allowed
error: Oct-08-2024 19:32:33: 	"roleId" is not allowed
info: Oct-08-2024 19:33:38: 	server is running on http:/localhost:3001
info: Oct-08-2024 19:33:38: 	Roles and Super Admin seeded.
info: Oct-08-2024 19:33:38: 	db connected
info: Oct-08-2024 19:33:42: 	server is running on http:/localhost:3001
info: Oct-08-2024 19:33:42: 	Roles and Super Admin seeded.
info: Oct-08-2024 19:33:42: 	db connected
info: Oct-08-2024 19:33:55: 	server is running on http:/localhost:3001
info: Oct-08-2024 19:33:55: 	Roles and Super Admin seeded.
info: Oct-08-2024 19:33:55: 	db connected
info: Oct-08-2024 19:33:57: 	server is running on http:/localhost:3001
info: Oct-08-2024 19:33:57: 	Roles and Super Admin seeded.
info: Oct-08-2024 19:33:57: 	db connected
info: Oct-08-2024 19:34:06: 	server is running on http:/localhost:3001
info: Oct-08-2024 19:34:06: 	Roles and Super Admin seeded.
info: Oct-08-2024 19:34:06: 	db connected
info: Oct-08-2024 23:05:19: 	server is running on http:/localhost:3001
info: Oct-08-2024 23:05:19: 	Roles and Super Admin seeded.
info: Oct-08-2024 23:05:19: 	db connected
info: Oct-08-2024 23:05:49: 	server is running on http:/localhost:3001
info: Oct-08-2024 23:05:49: 	Roles and Super Admin seeded.
info: Oct-08-2024 23:05:49: 	db connected
